Bio-async router not available, skipping registration
[GPU RECOVERY] INIT: GPU recovery system initialized
[GPU] Training enabled for adaptive network (3 layers)
Module ID 1033 (neuromodulator) already registered - caller must free previous context to avoid memory leak
Handler for message type 0x0206 already registered in module neuromodulator (different handler)
Exception: [ERROR/GENERIC] Error 1008 (BASE): bio_router_register_handler: duplicate handler for message type
  at /home/bbrelin/nimcp/src/async/nimcp_bio_router_part_processing.c:42 in bio_router_register_handler()

Failed to register neuromodulator release handler
Failed to initialize bio-async integration: 1008
INFO: Spatial neuromodulator system initialized (classical diffusion)
Module ID 818 (systems_consolidation) already registered - caller must free previous context to avoid memory leak
Module ID 816 (engram) already registered - caller must free previous context to avoid memory leak
Module ID 803 (grief_and_loss) already registered - caller must free previous context to avoid memory leak
Module ID 804 (joy_euphoria) already registered - caller must free previous context to avoid memory leak
Module ID 819 (love_loyalty_friendship) already registered - caller must free previous context to avoid memory leak
Cannot create ToM substrate bridge: NULL substrate
[FUZZY] Fuzzy logic disabled by config
[GPU] Training enabled for adaptive network (3 layers)
Module ID 818 (systems_consolidation) already registered - caller must free previous context to avoid memory leak
Module ID 816 (engram) already registered - caller must free previous context to avoid memory leak
Module ID 803 (grief_and_loss) already registered - caller must free previous context to avoid memory leak
Module ID 804 (joy_euphoria) already registered - caller must free previous context to avoid memory leak
Module ID 805 (remorse_regret) already registered - caller must free previous context to avoid memory leak
Module ID 819 (love_loyalty_friendship) already registered - caller must free previous context to avoid memory leak
Module ID 524 (epistemic) already registered - caller must free previous context to avoid memory leak
Module ID 592 (autobiographical_memory) already registered - caller must free previous context to avoid memory leak
Module ID 530 (self_model) already registered - caller must free previous context to avoid memory leak
[FUZZY] Fuzzy logic disabled by config
[INTERNAL_KG] Internal KG disabled by config
[GPU] Training enabled for adaptive network (3 layers)
Module ID 818 (systems_consolidation) already registered - caller must free previous context to avoid memory leak
Module ID 816 (engram) already registered - caller must free previous context to avoid memory leak
Module ID 803 (grief_and_loss) already registered - caller must free previous context to avoid memory leak
Module ID 804 (joy_euphoria) already registered - caller must free previous context to avoid memory leak
Module ID 805 (remorse_regret) already registered - caller must free previous context to avoid memory leak
Module ID 819 (love_loyalty_friendship) already registered - caller must free previous context to avoid memory leak
Module ID 524 (epistemic) already registered - caller must free previous context to avoid memory leak
Module ID 592 (autobiographical_memory) already registered - caller must free previous context to avoid memory leak
Module ID 530 (self_model) already registered - caller must free previous context to avoid memory leak
[FUZZY] Fuzzy logic disabled by config
[INTERNAL_KG] Internal KG disabled by config
[INTERNAL_KG] Internal KG disabled by config
Module ID 800 (emotions) already registered - caller must free previous context to avoid memory leak
Repo card metadata block was not found. Setting CardData to empty.
